2025-05-15 00:54:52 neovim
2025-05-15 00:54:54 git
2025-05-15 00:54:55 git-lfs
2025-05-15 00:54:56 tmux
2025-05-15 00:54:58 htop
2025-05-15 00:55:02 python3
2025-05-15 00:55:04 node
2025-05-15 00:55:06 mas
2025-05-15 00:55:07 wget
2025-05-15 00:55:09 trash
2025-05-15 00:55:10 tree
2025-05-15 00:55:11 rename
2025-05-15 00:55:13 fzf
2025-05-15 00:55:14 jq
2025-05-15 00:55:16 rlwrap
2025-05-15 00:55:17 nmap
2025-05-15 00:55:19 speedtest-cli
2025-05-15 00:55:20 coreutils
2025-05-15 00:55:22 ninja
2025-05-15 00:55:24 cocoapods
2025-05-15 00:55:25 openjdk
2025-05-15 00:55:27 rustup
2025-05-15 00:55:28 gh
2025-05-15 00:55:39 gradle
2025-05-15 00:55:40 unzip
2025-05-15 00:55:42 yarn
2025-05-15 00:55:43 autoconf
2025-05-15 00:55:45 pandoc
2025-05-15 00:55:46 ghostscript
2025-05-15 00:55:48 ffmpeg
