2025-05-15 00:55:49 visual-studio-code
2025-05-15 00:55:51 cmake
2025-05-15 00:55:52 processing
2025-05-15 00:55:54 dotnet-sdk
2025-05-15 00:55:55 appcleaner
2025-05-15 00:55:56 the-unarchiver
2025-05-15 00:55:58 coconutbattery
2025-05-15 00:55:59 raspberry-pi-imager
2025-05-15 00:56:01 firefox
2025-05-15 00:56:03 discord
2025-05-15 00:56:04 steam
2025-05-15 00:56:06 mactex
2025-05-15 00:56:07 vlc
2025-05-15 00:56:08 spotify
2025-05-26 14:10:21 blackboardsync
2025-05-26 14:10:25 ghidra
2025-05-26 14:10:27 gimp
2025-05-26 14:10:28 obsidian
2025-05-26 14:10:29 powershell
2025-05-26 14:10:31 syncthing
2025-05-26 14:10:32 temurin
2025-05-26 14:10:33 utm
